Logfile initialized
[INFO] logfile = /home/arh444/Titanium_Studio_Workspace/Timesheet1/build.log
[DEBUG] /home/arh444/.titanium/mobilesdk/linux/2.1.4.GA/android/builder.py install Calendar /home/arh444/android-sdks /home/arh444/Titanium_Studio_Workspace/Timesheet1 com.andrew.calendar 8
[INFO] Titanium SDK version: 2.1.4 (11/09/12 12:46 51f2c64)
[DEBUG] Waiting for device to be ready ...
[TRACE] adb devices returned 1 devices/emulators
[DEBUG] Device connected... (waited 0 seconds)
[DEBUG] waited 0.006220 seconds on emulator to get ready
[DEBUG] com.andrew.calendar installed? False
[INFO] Copying CommonJS modules...
[INFO] Copying project resources..
[INFO] Detected change in tiapp.xml, or assets deleted. Forcing full re-build...
[TRACE] COPYING CREATED FILE: /home/arh444/Titanium_Studio_Workspace/Timesheet1/Resources/KS_nav_ui.png => /home/arh444/Titanium_Studio_Workspace/Timesheet1/build/android/bin/assets/Resources/KS_nav_ui.png
[TRACE] COPYING CREATED FILE: /home/arh444/Titanium_Studio_Workspace/Timesheet1/Resources/app.js => /home/arh444/Titanium_Studio_Workspace/Timesheet1/build/android/bin/assets/Resources/app.js
[TRACE] COPYING CREATED FILE: /home/arh444/Titanium_Studio_Workspace/Timesheet1/Resources/ui/tablet/ApplicationWindow.js => /home/arh444/Titanium_Studio_Workspace/Timesheet1/build/android/bin/assets/Resources/ui/tablet/ApplicationWindow.js
[TRACE] COPYING CREATED FILE: /home/arh444/Titanium_Studio_Workspace/Timesheet1/Resources/ui/common/FirstView.js => /home/arh444/Titanium_Studio_Workspace/Timesheet1/build/android/bin/assets/Resources/ui/common/FirstView.js
[TRACE] COPYING CREATED FILE: /home/arh444/Titanium_Studio_Workspace/Timesheet1/Resources/ui/handheld/android/ApplicationWindow.js => /home/arh444/Titanium_Studio_Workspace/Timesheet1/build/android/bin/assets/Resources/ui/handheld/android/ApplicationWindow.js
[TRACE] COPYING CREATED FILE: /home/arh444/Titanium_Studio_Workspace/Timesheet1/Resources/ui/handheld/ApplicationWindow.js => /home/arh444/Titanium_Studio_Workspace/Timesheet1/build/android/bin/assets/Resources/ui/handheld/ApplicationWindow.js
[TRACE] COPYING CREATED FILE: /home/arh444/Titanium_Studio_Workspace/Timesheet1/Resources/KS_nav_views.png => /home/arh444/Titanium_Studio_Workspace/Timesheet1/build/android/bin/assets/Resources/KS_nav_views.png
[TRACE] COPYING CREATED FILE: /home/arh444/Titanium_Studio_Workspace/Timesheet1/Resources/android/default.png => /home/arh444/Titanium_Studio_Workspace/Timesheet1/build/android/bin/assets/Resources/default.png
[TRACE] COPYING CREATED FILE: /home/arh444/Titanium_Studio_Workspace/Timesheet1/Resources/android/appicon.png => /home/arh444/Titanium_Studio_Workspace/Timesheet1/build/android/bin/assets/Resources/appicon.png
[TRACE] Generating Java Classes
[DEBUG] Processing Android resource drawables
[DEBUG] app stylesheet => /home/arh444/Titanium_Studio_Workspace/Timesheet1/build/android/gen/com/andrew/calendar/ApplicationStylesheet.java
[DEBUG] copying app icon: /home/arh444/Titanium_Studio_Workspace/Timesheet1/build/android/bin/assets/Resources/appicon.png
[DEBUG] generating theme.xml
[DEBUG] found drawable-notlong-port-hdpi splash screen at /home/arh444/Titanium_Studio_Workspace/Timesheet1/Resources/android/images/res-notlong-port-hdpi/default.png
[DEBUG] copying /home/arh444/Titanium_Studio_Workspace/Timesheet1/Resources/android/images/res-notlong-port-hdpi/default.png splash screen to /home/arh444/Titanium_Studio_Workspace/Timesheet1/build/android/res/drawable-notlong-port-hdpi/background.png
[DEBUG] found drawable-notlong-land-hdpi splash screen at /home/arh444/Titanium_Studio_Workspace/Timesheet1/Resources/android/images/res-notlong-land-hdpi/default.png
[DEBUG] copying /home/arh444/Titanium_Studio_Workspace/Timesheet1/Resources/android/images/res-notlong-land-hdpi/default.png splash screen to /home/arh444/Titanium_Studio_Workspace/Timesheet1/build/android/res/drawable-notlong-land-hdpi/background.png
[DEBUG] found drawable-notlong-port-ldpi splash screen at /home/arh444/Titanium_Studio_Workspace/Timesheet1/Resources/android/images/res-notlong-port-ldpi/default.png
[DEBUG] copying /home/arh444/Titanium_Studio_Workspace/Timesheet1/Resources/android/images/res-notlong-port-ldpi/default.png splash screen to /home/arh444/Titanium_Studio_Workspace/Timesheet1/build/android/res/drawable-notlong-port-ldpi/background.png
[DEBUG] found drawable-long-port-hdpi splash screen at /home/arh444/Titanium_Studio_Workspace/Timesheet1/Resources/android/images/res-long-port-hdpi/default.png
[DEBUG] copying /home/arh444/Titanium_Studio_Workspace/Timesheet1/Resources/android/images/res-long-port-hdpi/default.png splash screen to /home/arh444/Titanium_Studio_Workspace/Timesheet1/build/android/res/drawable-long-port-hdpi/background.png
[DEBUG] found drawable-notlong-port-mdpi splash screen at /home/arh444/Titanium_Studio_Workspace/Timesheet1/Resources/android/images/res-notlong-port-mdpi/default.png
[DEBUG] copying /home/arh444/Titanium_Studio_Workspace/Timesheet1/Resources/android/images/res-notlong-port-mdpi/default.png splash screen to /home/arh444/Titanium_Studio_Workspace/Timesheet1/build/android/res/drawable-notlong-port-mdpi/background.png
[DEBUG] found drawable-long-land-hdpi splash screen at /home/arh444/Titanium_Studio_Workspace/Timesheet1/Resources/android/images/res-long-land-hdpi/default.png
[DEBUG] copying /home/arh444/Titanium_Studio_Workspace/Timesheet1/Resources/android/images/res-long-land-hdpi/default.png splash screen to /home/arh444/Titanium_Studio_Workspace/Timesheet1/build/android/res/drawable-long-land-hdpi/background.png
[DEBUG] found drawable-notlong-land-mdpi splash screen at /home/arh444/Titanium_Studio_Workspace/Timesheet1/Resources/android/images/res-notlong-land-mdpi/default.png
[DEBUG] copying /home/arh444/Titanium_Studio_Workspace/Timesheet1/Resources/android/images/res-notlong-land-mdpi/default.png splash screen to /home/arh444/Titanium_Studio_Workspace/Timesheet1/build/android/res/drawable-notlong-land-mdpi/background.png
[DEBUG] found drawable-notlong-land-ldpi splash screen at /home/arh444/Titanium_Studio_Workspace/Timesheet1/Resources/android/images/res-notlong-land-ldpi/default.png
[DEBUG] copying /home/arh444/Titanium_Studio_Workspace/Timesheet1/Resources/android/images/res-notlong-land-ldpi/default.png splash screen to /home/arh444/Titanium_Studio_Workspace/Timesheet1/build/android/res/drawable-notlong-land-ldpi/background.png
[DEBUG] found drawable-long-port-ldpi splash screen at /home/arh444/Titanium_Studio_Workspace/Timesheet1/Resources/android/images/res-long-port-ldpi/default.png
[DEBUG] copying /home/arh444/Titanium_Studio_Workspace/Timesheet1/Resources/android/images/res-long-port-ldpi/default.png splash screen to /home/arh444/Titanium_Studio_Workspace/Timesheet1/build/android/res/drawable-long-port-ldpi/background.png
[DEBUG] found drawable-long-land-ldpi splash screen at /home/arh444/Titanium_Studio_Workspace/Timesheet1/Resources/android/images/res-long-land-ldpi/default.png
[DEBUG] copying /home/arh444/Titanium_Studio_Workspace/Timesheet1/Resources/android/images/res-long-land-ldpi/default.png splash screen to /home/arh444/Titanium_Studio_Workspace/Timesheet1/build/android/res/drawable-long-land-ldpi/background.png
[DEBUG] found splash screen at /home/arh444/Titanium_Studio_Workspace/Timesheet1/build/android/bin/assets/Resources/default.png
[TRACE] Writing out AndroidManifest.xml
[DEBUG] adding /home/arh444/Titanium_Studio_Workspace/Timesheet1/build/android/gen/com/andrew/calendar/CalendarApplication.java to javac build list
[DEBUG] adding /home/arh444/Titanium_Studio_Workspace/Timesheet1/build/android/gen/com/andrew/calendar/CalendarAppInfo.java to javac build list
[DEBUG] adding /home/arh444/Titanium_Studio_Workspace/Timesheet1/build/android/gen/com/andrew/calendar/CalendarActivity.java to javac build list
[DEBUG] adding /home/arh444/Titanium_Studio_Workspace/Timesheet1/build/android/gen/com/andrew/calendar/ApplicationStylesheet.java to javac build list
[DEBUG] adding /home/arh444/Titanium_Studio_Workspace/Timesheet1/build/android/gen/com/andrew/calendar/R.java to javac build list
[DEBUG] Building Java Sources: "/home/arh444/Titanium_Studio_Workspace/Timesheet1/build/android/gen/com/andrew/calendar/CalendarApplication.java" "/home/arh444/Titanium_Studio_Workspace/Timesheet1/build/android/gen/com/andrew/calendar/CalendarAppInfo.java" "/home/arh444/Titanium_Studio_Workspace/Timesheet1/build/android/gen/com/andrew/calendar/CalendarActivity.java" "/home/arh444/Titanium_Studio_Workspace/Timesheet1/build/android/gen/com/andrew/calendar/ApplicationStylesheet.java" "/home/arh444/Titanium_Studio_Workspace/Timesheet1/build/android/gen/com/andrew/calendar/R.java"
[INFO] Compiling Android Resources... This could take some time
[DEBUG] Android classes.dex built
[DEBUG] creating unsigned apk: /home/arh444/Titanium_Studio_Workspace/Timesheet1/build/android/bin/app-unsigned.apk
[DEBUG] from resource zip => assets/Resources/ui/common/FirstView.js
[DEBUG] from resource zip => assets/Resources/ui/handheld/android/ApplicationWindow.js
[DEBUG] from resource zip => assets/Resources/ui/handheld/ApplicationWindow.js
[DEBUG] from resource zip => assets/Resources/ui/tablet/ApplicationWindow.js
[DEBUG] from resource zip => assets/Resources/KS_nav_ui.png
[DEBUG] from resource zip => assets/Resources/KS_nav_views.png
[DEBUG] from resource zip => assets/Resources/app.js
[DEBUG] from resource zip => assets/Resources/appicon.png
[DEBUG] from resource zip => assets/Resources/default.png
[DEBUG] from resource zip => assets/Resources/ti.cloud.js
[DEBUG] from resource zip => assets/app.json
[DEBUG] from resource zip => assets/index.json
[DEBUG] from resource zip => assets/tiapp.xml
[DEBUG] from resource zip => res/drawable/appicon.png
[DEBUG] from resource zip => res/drawable/background.png
[DEBUG] from resource zip => res/layout/titanium_tabgroup.xml
[DEBUG] from resource zip => AndroidManifest.xml
[DEBUG] from resource zip => resources.arsc
[DEBUG] from resource zip => res/drawable-long-land-hdpi/background.png
[DEBUG] from resource zip => res/drawable-long-land-ldpi/background.png
[DEBUG] from resource zip => res/drawable-long-port-hdpi/background.png
[DEBUG] from resource zip => res/drawable-long-port-ldpi/background.png
[DEBUG] from resource zip => res/drawable-notlong-land-hdpi/background.png
[DEBUG] from resource zip => res/drawable-notlong-land-ldpi/background.png
[DEBUG] from resource zip => res/drawable-notlong-land-mdpi/background.png
[DEBUG] from resource zip => res/drawable-notlong-port-hdpi/background.png
[DEBUG] from resource zip => res/drawable-notlong-port-ldpi/background.png
[DEBUG] from resource zip => res/drawable-notlong-port-mdpi/background.png
[DEBUG] from JAR /home/arh444/.titanium/mobilesdk/linux/2.1.4.GA/android/thirdparty.jar => org/apache/Commons-NOTICE.txt
[DEBUG] from JAR /home/arh444/.titanium/mobilesdk/linux/2.1.4.GA/android/thirdparty.jar => org/apache/HttpComponents-NOTICE.txt
[DEBUG] from JAR /home/arh444/.titanium/mobilesdk/linux/2.1.4.GA/android/thirdparty.jar => org/apache/mime4j-NOTICE.txt
[DEBUG] from JAR /home/arh444/.titanium/mobilesdk/linux/2.1.4.GA/android/titanium.jar => org/appcelerator/titanium/build.properties
[DEBUG] from JAR /home/arh444/.titanium/mobilesdk/linux/2.1.4.GA/android/titanium.jar => org/appcelerator/titanium/res/drawable/background.png
[DEBUG] from JAR /home/arh444/.titanium/mobilesdk/linux/2.1.4.GA/android/titanium.jar => org/appcelerator/titanium/res/drawable/btn_check_buttonless_on.png
[DEBUG] from JAR /home/arh444/.titanium/mobilesdk/linux/2.1.4.GA/android/titanium.jar => org/appcelerator/titanium/res/drawable/btn_check_buttonless_on_18.png
[DEBUG] from JAR /home/arh444/.titanium/mobilesdk/linux/2.1.4.GA/android/titanium.jar => org/appcelerator/titanium/res/drawable/btn_check_buttonless_on_48.png
[DEBUG] from JAR /home/arh444/.titanium/mobilesdk/linux/2.1.4.GA/android/titanium.jar => org/appcelerator/titanium/res/drawable/btn_more.png
[DEBUG] from JAR /home/arh444/.titanium/mobilesdk/linux/2.1.4.GA/android/titanium.jar => org/appcelerator/titanium/res/drawable/btn_more_18.png
[DEBUG] from JAR /home/arh444/.titanium/mobilesdk/linux/2.1.4.GA/android/titanium.jar => org/appcelerator/titanium/res/drawable/btn_more_48.png
[DEBUG] from JAR /home/arh444/.titanium/mobilesdk/linux/2.1.4.GA/android/titanium.jar => org/appcelerator/titanium/res/drawable/btn_picker_normal.9.png
[DEBUG] from JAR /home/arh444/.titanium/mobilesdk/linux/2.1.4.GA/android/titanium.jar => org/appcelerator/titanium/res/drawable/btn_picker_pressed.9.png
[DEBUG] from JAR /home/arh444/.titanium/mobilesdk/linux/2.1.4.GA/android/titanium.jar => org/appcelerator/titanium/res/drawable/btn_picker_selected.9.png
[DEBUG] from JAR /home/arh444/.titanium/mobilesdk/linux/2.1.4.GA/android/titanium.jar => org/appcelerator/titanium/res/drawable/default_icon.png
[DEBUG] from JAR /home/arh444/.titanium/mobilesdk/linux/2.1.4.GA/android/titanium.jar => org/appcelerator/titanium/res/drawable/photoDefault.png
[DEBUG] from JAR /home/arh444/.titanium/mobilesdk/linux/2.1.4.GA/android/modules/titanium-ui.jar => ti/modules/titanium/ui/widget/webview/binding.js
[DEBUG] from JAR /home/arh444/.titanium/mobilesdk/linux/2.1.4.GA/android/modules/titanium-ui.jar => ti/modules/titanium/ui/widget/webview/binding.min.js
[DEBUG] from JAR /home/arh444/.titanium/mobilesdk/linux/2.1.4.GA/android/modules/titanium-ui.jar => ti/modules/titanium/ui/widget/webview/json2.js
[DEBUG] from JAR /home/arh444/.titanium/mobilesdk/linux/2.1.4.GA/android/modules/titanium-ui.jar => ti/modules/titanium/ui/widget/webview/polling.js
[DEBUG] from JAR /home/arh444/.titanium/mobilesdk/linux/2.1.4.GA/android/modules/titanium-ui.jar => ti/modules/titanium/ui/widget/webview/polling.min.js
[DEBUG] installing native SDK libs
[DEBUG] Waiting for device to be ready ...
[TRACE] adb devices returned 1 devices/emulators
[DEBUG] Device connected... (waited 0 seconds)
[DEBUG] waited 0.007220 seconds on emulator to get ready
[INFO] Installing application on device
[INFO] Application installed. Launch from drawer on Home Screen
